[0.007s] Invoking command in '/home/dev/ros2_ws/src/gazebo_ros2_control/gazebo_ros2_control_demos/build/gazebo_ros2_control_demos': CMAKE_PREFIX_PATH=${CMAKE_PREFIX_PATH}:/opt/ros/humble /usr/bin/cmake --build /home/dev/ros2_ws/src/gazebo_ros2_control/gazebo_ros2_control_demos/build/gazebo_ros2_control_demos -- -j16 -l16
[0.037s] [35m[1mConsolidate compiler generated dependencies of target example_teleop_joint[0m
[0.046s] [ 25%] Built target example_effort
[0.046s] [ 50%] Built target example_position
[0.049s] [ 75%] Built target example_position_pid
[0.051s] [ 87%] [32mBuilding CXX object CMakeFiles/example_teleop_joint.dir/examples/example_teleop_joint.cpp.o[0m
[2.881s] [100%] [32m[1mLinking CXX executable example_teleop_joint[0m
[3.053s] [100%] Built target example_teleop_joint
[3.067s] Invoked command in '/home/dev/ros2_ws/src/gazebo_ros2_control/gazebo_ros2_control_demos/build/gazebo_ros2_control_demos' returned '0': CMAKE_PREFIX_PATH=${CMAKE_PREFIX_PATH}:/opt/ros/humble /usr/bin/cmake --build /home/dev/ros2_ws/src/gazebo_ros2_control/gazebo_ros2_control_demos/build/gazebo_ros2_control_demos -- -j16 -l16
[3.106s] Invoking command in '/home/dev/ros2_ws/src/gazebo_ros2_control/gazebo_ros2_control_demos/build/gazebo_ros2_control_demos': CMAKE_PREFIX_PATH=${CMAKE_PREFIX_PATH}:/opt/ros/humble /usr/bin/cmake --install /home/dev/ros2_ws/src/gazebo_ros2_control/gazebo_ros2_control_demos/build/gazebo_ros2_control_demos
[3.114s] -- Install configuration: ""
[3.115s] -- Execute custom install script
[3.115s] -- Up-to-date symlink: /home/dev/ros2_ws/src/gazebo_ros2_control/gazebo_ros2_control_demos/install/gazebo_ros2_control_demos/share/gazebo_ros2_control_demos//launch/cart_example_effort.launch.py
[3.115s] -- Up-to-date symlink: /home/dev/ros2_ws/src/gazebo_ros2_control/gazebo_ros2_control_demos/install/gazebo_ros2_control_demos/share/gazebo_ros2_control_demos//launch/cart_example_position.launch.py
[3.115s] -- Up-to-date symlink: /home/dev/ros2_ws/src/gazebo_ros2_control/gazebo_ros2_control_demos/install/gazebo_ros2_control_demos/share/gazebo_ros2_control_demos//launch/cart_example_velocity.launch.py
[3.115s] -- Up-to-date symlink: /home/dev/ros2_ws/src/gazebo_ros2_control/gazebo_ros2_control_demos/install/gazebo_ros2_control_demos/share/gazebo_ros2_control_demos//launch/vertical_cart_example_position_pid.launch.py
[3.115s] -- Up-to-date symlink: /home/dev/ros2_ws/src/gazebo_ros2_control/gazebo_ros2_control_demos/install/gazebo_ros2_control_demos/share/gazebo_ros2_control_demos//launch/vertical_cart_example_velocity_pid.launch.py
[3.116s] -- Up-to-date symlink: /home/dev/ros2_ws/src/gazebo_ros2_control/gazebo_ros2_control_demos/install/gazebo_ros2_control_demos/share/gazebo_ros2_control_demos//config/cart_controller.yaml
[3.116s] -- Up-to-date symlink: /home/dev/ros2_ws/src/gazebo_ros2_control/gazebo_ros2_control_demos/install/gazebo_ros2_control_demos/share/gazebo_ros2_control_demos//config/cart_controller_effort.yaml
[3.116s] -- Up-to-date symlink: /home/dev/ros2_ws/src/gazebo_ros2_control/gazebo_ros2_control_demos/install/gazebo_ros2_control_demos/share/gazebo_ros2_control_demos//config/cart_controller_position.yaml
[3.116s] -- Up-to-date symlink: /home/dev/ros2_ws/src/gazebo_ros2_control/gazebo_ros2_control_demos/install/gazebo_ros2_control_demos/share/gazebo_ros2_control_demos//config/cart_controller_velocity.yaml
[3.116s] -- Up-to-date symlink: /home/dev/ros2_ws/src/gazebo_ros2_control/gazebo_ros2_control_demos/install/gazebo_ros2_control_demos/share/gazebo_ros2_control_demos//config/config.rviz
[3.116s] -- Up-to-date symlink: /home/dev/ros2_ws/src/gazebo_ros2_control/gazebo_ros2_control_demos/install/gazebo_ros2_control_demos/share/gazebo_ros2_control_demos//urdf/test_cart_effort.xacro.urdf
[3.116s] -- Up-to-date symlink: /home/dev/ros2_ws/src/gazebo_ros2_control/gazebo_ros2_control_demos/install/gazebo_ros2_control_demos/share/gazebo_ros2_control_demos//urdf/test_cart_position.xacro.urdf
[3.116s] -- Up-to-date symlink: /home/dev/ros2_ws/src/gazebo_ros2_control/gazebo_ros2_control_demos/install/gazebo_ros2_control_demos/share/gazebo_ros2_control_demos//urdf/test_cart_velocity.xacro.urdf
[3.116s] -- Up-to-date symlink: /home/dev/ros2_ws/src/gazebo_ros2_control/gazebo_ros2_control_demos/install/gazebo_ros2_control_demos/share/gazebo_ros2_control_demos//urdf/test_vertical_cart_position_pid.xacro.urdf
[3.116s] -- Up-to-date symlink: /home/dev/ros2_ws/src/gazebo_ros2_control/gazebo_ros2_control_demos/install/gazebo_ros2_control_demos/share/gazebo_ros2_control_demos//urdf/test_vertical_cart_velocity_pid.xacro.urdf
[3.117s] -- Up-to-date symlink: /home/dev/ros2_ws/src/gazebo_ros2_control/gazebo_ros2_control_demos/install/gazebo_ros2_control_demos/lib/gazebo_ros2_control_demos/example_position
[3.117s] -- Up-to-date symlink: /home/dev/ros2_ws/src/gazebo_ros2_control/gazebo_ros2_control_demos/install/gazebo_ros2_control_demos/lib/gazebo_ros2_control_demos/example_position_pid
[3.117s] -- Up-to-date symlink: /home/dev/ros2_ws/src/gazebo_ros2_control/gazebo_ros2_control_demos/install/gazebo_ros2_control_demos/lib/gazebo_ros2_control_demos/example_effort
[3.117s] -- Up-to-date symlink: /home/dev/ros2_ws/src/gazebo_ros2_control/gazebo_ros2_control_demos/install/gazebo_ros2_control_demos/lib/gazebo_ros2_control_demos/example_teleop_joint
[3.117s] -- Up-to-date symlink: /home/dev/ros2_ws/src/gazebo_ros2_control/gazebo_ros2_control_demos/install/gazebo_ros2_control_demos/share/ament_index/resource_index/package_run_dependencies/gazebo_ros2_control_demos
[3.117s] -- Up-to-date symlink: /home/dev/ros2_ws/src/gazebo_ros2_control/gazebo_ros2_control_demos/install/gazebo_ros2_control_demos/share/ament_index/resource_index/parent_prefix_path/gazebo_ros2_control_demos
[3.117s] -- Up-to-date symlink: /home/dev/ros2_ws/src/gazebo_ros2_control/gazebo_ros2_control_demos/install/gazebo_ros2_control_demos/share/gazebo_ros2_control_demos/environment/ament_prefix_path.sh
[3.118s] -- Up-to-date symlink: /home/dev/ros2_ws/src/gazebo_ros2_control/gazebo_ros2_control_demos/install/gazebo_ros2_control_demos/share/gazebo_ros2_control_demos/environment/ament_prefix_path.dsv
[3.118s] -- Up-to-date symlink: /home/dev/ros2_ws/src/gazebo_ros2_control/gazebo_ros2_control_demos/install/gazebo_ros2_control_demos/share/gazebo_ros2_control_demos/environment/path.sh
[3.118s] -- Up-to-date symlink: /home/dev/ros2_ws/src/gazebo_ros2_control/gazebo_ros2_control_demos/install/gazebo_ros2_control_demos/share/gazebo_ros2_control_demos/environment/path.dsv
[3.118s] -- Up-to-date symlink: /home/dev/ros2_ws/src/gazebo_ros2_control/gazebo_ros2_control_demos/install/gazebo_ros2_control_demos/share/gazebo_ros2_control_demos/local_setup.bash
[3.118s] -- Up-to-date symlink: /home/dev/ros2_ws/src/gazebo_ros2_control/gazebo_ros2_control_demos/install/gazebo_ros2_control_demos/share/gazebo_ros2_control_demos/local_setup.sh
[3.118s] -- Up-to-date symlink: /home/dev/ros2_ws/src/gazebo_ros2_control/gazebo_ros2_control_demos/install/gazebo_ros2_control_demos/share/gazebo_ros2_control_demos/local_setup.zsh
[3.118s] -- Up-to-date symlink: /home/dev/ros2_ws/src/gazebo_ros2_control/gazebo_ros2_control_demos/install/gazebo_ros2_control_demos/share/gazebo_ros2_control_demos/local_setup.dsv
[3.118s] -- Symlinking: /home/dev/ros2_ws/src/gazebo_ros2_control/gazebo_ros2_control_demos/install/gazebo_ros2_control_demos/share/gazebo_ros2_control_demos/package.dsv
[3.125s] -- Up-to-date symlink: /home/dev/ros2_ws/src/gazebo_ros2_control/gazebo_ros2_control_demos/install/gazebo_ros2_control_demos/share/ament_index/resource_index/packages/gazebo_ros2_control_demos
[3.125s] -- Up-to-date symlink: /home/dev/ros2_ws/src/gazebo_ros2_control/gazebo_ros2_control_demos/install/gazebo_ros2_control_demos/share/gazebo_ros2_control_demos/cmake/gazebo_ros2_control_demosConfig.cmake
[3.125s] -- Up-to-date symlink: /home/dev/ros2_ws/src/gazebo_ros2_control/gazebo_ros2_control_demos/install/gazebo_ros2_control_demos/share/gazebo_ros2_control_demos/cmake/gazebo_ros2_control_demosConfig-version.cmake
[3.126s] -- Up-to-date symlink: /home/dev/ros2_ws/src/gazebo_ros2_control/gazebo_ros2_control_demos/install/gazebo_ros2_control_demos/share/gazebo_ros2_control_demos/package.xml
[3.128s] Invoked command in '/home/dev/ros2_ws/src/gazebo_ros2_control/gazebo_ros2_control_demos/build/gazebo_ros2_control_demos' returned '0': CMAKE_PREFIX_PATH=${CMAKE_PREFIX_PATH}:/opt/ros/humble /usr/bin/cmake --install /home/dev/ros2_ws/src/gazebo_ros2_control/gazebo_ros2_control_demos/build/gazebo_ros2_control_demos
