[0.010s] Invoking command in '/home/dev/ros2_ws/src/gazebo_ros2_control/gazebo_ros2_control_demos/build/gazebo_ros2_control_demos': CMAKE_PREFIX_PATH=${CMAKE_PREFIX_PATH}:/opt/ros/humble /usr/bin/cmake --build /home/dev/ros2_ws/src/gazebo_ros2_control/gazebo_ros2_control_demos/build/gazebo_ros2_control_demos -- -j16 -l16
[0.034s] -- Found ament_cmake: 1.3.9 (/opt/ros/humble/share/ament_cmake/cmake)
[0.115s] -- Override CMake install command with custom implementation using symlinks instead of copying resources
[0.125s] -- Found control_msgs: 4.6.0 (/opt/ros/humble/share/control_msgs/cmake)
[0.144s] -- Found rosidl_generator_c: 3.1.5 (/opt/ros/humble/share/rosidl_generator_c/cmake)
[0.146s] -- Found rosidl_adapter: 3.1.5 (/opt/ros/humble/share/rosidl_adapter/cmake)
[0.150s] -- Found rosidl_generator_cpp: 3.1.5 (/opt/ros/humble/share/rosidl_generator_cpp/cmake)
[0.157s] -- Using all available rosidl_typesupport_c: rosidl_typesupport_fastrtps_c;rosidl_typesupport_introspection_c
[0.167s] -- Using all available rosidl_typesupport_cpp: rosidl_typesupport_fastrtps_cpp;rosidl_typesupport_introspection_cpp
[0.459s] -- Found rclcpp: 16.0.9 (/opt/ros/humble/share/rclcpp/cmake)
[0.489s] -- Found rmw_implementation_cmake: 6.1.2 (/opt/ros/humble/share/rmw_implementation_cmake/cmake)
[0.490s] -- Found rmw_fastrtps_cpp: 6.2.6 (/opt/ros/humble/share/rmw_fastrtps_cpp/cmake)
[0.562s] -- Using RMW implementation 'rmw_fastrtps_cpp' as default
[0.634s] -- Found rclcpp_action: 16.0.9 (/opt/ros/humble/share/rclcpp_action/cmake)
[0.651s] -- Found ament_cmake_gtest: 1.3.9 (/opt/ros/humble/share/ament_cmake_gtest/cmake)
[0.652s] -- Found ament_lint_auto: 0.12.11 (/opt/ros/humble/share/ament_lint_auto/cmake)
[0.710s] -- Added test 'copyright' to check source files copyright and LICENSE
[0.716s] -- Added test 'cppcheck' to perform static code analysis on C / C++ code
[0.716s] -- Configured cppcheck include dirs: 
[0.716s] -- Configured cppcheck exclude dirs and/or files: 
[0.722s] -- Added test 'cpplint' to check C / C++ code against the Google style
[0.722s] -- Configured cpplint exclude dirs and/or files: 
[0.723s] -- Added test 'flake8' to check Python code syntax and style conventions
[0.725s] -- Added test 'lint_cmake' to check CMake code style
[0.726s] -- Added test 'pep257' to check Python code against some of the docstring style conventions in PEP 257
[0.732s] -- Added test 'uncrustify' to check C / C++ code style
[0.732s] -- Configured uncrustify additional arguments: 
[0.733s] -- Added test 'xmllint' to check XML markup files
[0.734s] -- Configuring done
[0.737s] [31mCMake Error at CMakeLists.txt:39 (add_executable):
[0.737s]   Cannot find source file:
[0.737s] 
[0.737s]     examples/example_velocity.cpp
[0.737s] 
[0.737s]   Tried extensions .c .C .c++ .cc .cpp .cxx .cu .mpp .m .M .mm .ixx .cppm .h
[0.737s]   .hh .h++ .hm .hpp .hxx .in .txx .f .F .for .f77 .f90 .f95 .f03 .hip .ispc
[0.737s] 
[0.737s] [0m
[0.737s] [31mCMake Error at CMakeLists.txt:39 (add_executable):
[0.737s]   No SOURCES given to target: example_velocity
[0.737s] 
[0.737s] [0m
[0.737s] [0mCMake Generate step failed.  Build files cannot be regenerated correctly.[0m
[0.741s] gmake: *** [Makefile:513: cmake_check_build_system] Error 1
[0.745s] Invoked command in '/home/dev/ros2_ws/src/gazebo_ros2_control/gazebo_ros2_control_demos/build/gazebo_ros2_control_demos' returned '2': CMAKE_PREFIX_PATH=${CMAKE_PREFIX_PATH}:/opt/ros/humble /usr/bin/cmake --build /home/dev/ros2_ws/src/gazebo_ros2_control/gazebo_ros2_control_demos/build/gazebo_ros2_control_demos -- -j16 -l16
