[0.006s] Invoking command in '/home/dev/ros2_ws/src/gazebo_ros2_control/gazebo_ros2_control_demos/build/gazebo_ros2_control_demos': CMAKE_PREFIX_PATH=${CMAKE_PREFIX_PATH}:/opt/ros/humble /usr/bin/cmake --build /home/dev/ros2_ws/src/gazebo_ros2_control/gazebo_ros2_control_demos/build/gazebo_ros2_control_demos -- -j16 -l16
[0.038s] [ 25%] Built target example_position
[0.038s] [ 50%] Built target example_effort
[0.038s] [ 75%] Built target example_position_pid
[0.038s] [35m[1mConsolidate compiler generated dependencies of target example_teleop_joint[0m
[0.056s] [100%] Built target example_teleop_joint
[0.063s] Invoked command in '/home/dev/ros2_ws/src/gazebo_ros2_control/gazebo_ros2_control_demos/build/gazebo_ros2_control_demos' returned '0': CMAKE_PREFIX_PATH=${CMAKE_PREFIX_PATH}:/opt/ros/humble /usr/bin/cmake --build /home/dev/ros2_ws/src/gazebo_ros2_control/gazebo_ros2_control_demos/build/gazebo_ros2_control_demos -- -j16 -l16
[0.083s] Invoking command in '/home/dev/ros2_ws/src/gazebo_ros2_control/gazebo_ros2_control_demos/build/gazebo_ros2_control_demos': CMAKE_PREFIX_PATH=${CMAKE_PREFIX_PATH}:/opt/ros/humble /usr/bin/cmake --install /home/dev/ros2_ws/src/gazebo_ros2_control/gazebo_ros2_control_demos/build/gazebo_ros2_control_demos
[0.087s] -- Install configuration: ""
[0.087s] -- Execute custom install script
[0.088s] -- Up-to-date symlink: /home/dev/ros2_ws/src/gazebo_ros2_control/gazebo_ros2_control_demos/install/gazebo_ros2_control_demos/share/gazebo_ros2_control_demos//launch/cart_example_effort.launch.py
[0.088s] -- Up-to-date symlink: /home/dev/ros2_ws/src/gazebo_ros2_control/gazebo_ros2_control_demos/install/gazebo_ros2_control_demos/share/gazebo_ros2_control_demos//launch/cart_example_position.launch.py
[0.088s] -- Up-to-date symlink: /home/dev/ros2_ws/src/gazebo_ros2_control/gazebo_ros2_control_demos/install/gazebo_ros2_control_demos/share/gazebo_ros2_control_demos//launch/cart_example_velocity.launch.py
[0.088s] -- Up-to-date symlink: /home/dev/ros2_ws/src/gazebo_ros2_control/gazebo_ros2_control_demos/install/gazebo_ros2_control_demos/share/gazebo_ros2_control_demos//launch/vertical_cart_example_position_pid.launch.py
[0.088s] -- Up-to-date symlink: /home/dev/ros2_ws/src/gazebo_ros2_control/gazebo_ros2_control_demos/install/gazebo_ros2_control_demos/share/gazebo_ros2_control_demos//launch/vertical_cart_example_velocity_pid.launch.py
[0.089s] -- Up-to-date symlink: /home/dev/ros2_ws/src/gazebo_ros2_control/gazebo_ros2_control_demos/install/gazebo_ros2_control_demos/share/gazebo_ros2_control_demos//config/cart_controller.yaml
[0.089s] -- Up-to-date symlink: /home/dev/ros2_ws/src/gazebo_ros2_control/gazebo_ros2_control_demos/install/gazebo_ros2_control_demos/share/gazebo_ros2_control_demos//config/cart_controller_effort.yaml
[0.089s] -- Up-to-date symlink: /home/dev/ros2_ws/src/gazebo_ros2_control/gazebo_ros2_control_demos/install/gazebo_ros2_control_demos/share/gazebo_ros2_control_demos//config/cart_controller_position.yaml
[0.089s] -- Up-to-date symlink: /home/dev/ros2_ws/src/gazebo_ros2_control/gazebo_ros2_control_demos/install/gazebo_ros2_control_demos/share/gazebo_ros2_control_demos//config/cart_controller_velocity.yaml
[0.089s] -- Up-to-date symlink: /home/dev/ros2_ws/src/gazebo_ros2_control/gazebo_ros2_control_demos/install/gazebo_ros2_control_demos/share/gazebo_ros2_control_demos//config/config.rviz
[0.090s] -- Up-to-date symlink: /home/dev/ros2_ws/src/gazebo_ros2_control/gazebo_ros2_control_demos/install/gazebo_ros2_control_demos/share/gazebo_ros2_control_demos//urdf/test_cart_effort.xacro.urdf
[0.090s] -- Up-to-date symlink: /home/dev/ros2_ws/src/gazebo_ros2_control/gazebo_ros2_control_demos/install/gazebo_ros2_control_demos/share/gazebo_ros2_control_demos//urdf/test_cart_position.xacro.urdf
[0.090s] -- Up-to-date symlink: /home/dev/ros2_ws/src/gazebo_ros2_control/gazebo_ros2_control_demos/install/gazebo_ros2_control_demos/share/gazebo_ros2_control_demos//urdf/test_cart_velocity.xacro.urdf
[0.090s] -- Up-to-date symlink: /home/dev/ros2_ws/src/gazebo_ros2_control/gazebo_ros2_control_demos/install/gazebo_ros2_control_demos/share/gazebo_ros2_control_demos//urdf/test_vertical_cart_position_pid.xacro.urdf
[0.090s] -- Up-to-date symlink: /home/dev/ros2_ws/src/gazebo_ros2_control/gazebo_ros2_control_demos/install/gazebo_ros2_control_demos/share/gazebo_ros2_control_demos//urdf/test_vertical_cart_velocity_pid.xacro.urdf
[0.091s] -- Up-to-date symlink: /home/dev/ros2_ws/src/gazebo_ros2_control/gazebo_ros2_control_demos/install/gazebo_ros2_control_demos/lib/gazebo_ros2_control_demos/example_position
[0.091s] -- Up-to-date symlink: /home/dev/ros2_ws/src/gazebo_ros2_control/gazebo_ros2_control_demos/install/gazebo_ros2_control_demos/lib/gazebo_ros2_control_demos/example_position_pid
[0.091s] -- Up-to-date symlink: /home/dev/ros2_ws/src/gazebo_ros2_control/gazebo_ros2_control_demos/install/gazebo_ros2_control_demos/lib/gazebo_ros2_control_demos/example_effort
[0.091s] -- Up-to-date symlink: /home/dev/ros2_ws/src/gazebo_ros2_control/gazebo_ros2_control_demos/install/gazebo_ros2_control_demos/lib/gazebo_ros2_control_demos/example_teleop_joint
[0.091s] -- Up-to-date symlink: /home/dev/ros2_ws/src/gazebo_ros2_control/gazebo_ros2_control_demos/install/gazebo_ros2_control_demos/share/ament_index/resource_index/package_run_dependencies/gazebo_ros2_control_demos
[0.092s] -- Up-to-date symlink: /home/dev/ros2_ws/src/gazebo_ros2_control/gazebo_ros2_control_demos/install/gazebo_ros2_control_demos/share/ament_index/resource_index/parent_prefix_path/gazebo_ros2_control_demos
[0.092s] -- Up-to-date symlink: /home/dev/ros2_ws/src/gazebo_ros2_control/gazebo_ros2_control_demos/install/gazebo_ros2_control_demos/share/gazebo_ros2_control_demos/environment/ament_prefix_path.sh
[0.092s] -- Up-to-date symlink: /home/dev/ros2_ws/src/gazebo_ros2_control/gazebo_ros2_control_demos/install/gazebo_ros2_control_demos/share/gazebo_ros2_control_demos/environment/ament_prefix_path.dsv
[0.092s] -- Up-to-date symlink: /home/dev/ros2_ws/src/gazebo_ros2_control/gazebo_ros2_control_demos/install/gazebo_ros2_control_demos/share/gazebo_ros2_control_demos/environment/path.sh
[0.092s] -- Up-to-date symlink: /home/dev/ros2_ws/src/gazebo_ros2_control/gazebo_ros2_control_demos/install/gazebo_ros2_control_demos/share/gazebo_ros2_control_demos/environment/path.dsv
[0.092s] -- Up-to-date symlink: /home/dev/ros2_ws/src/gazebo_ros2_control/gazebo_ros2_control_demos/install/gazebo_ros2_control_demos/share/gazebo_ros2_control_demos/local_setup.bash
[0.093s] -- Up-to-date symlink: /home/dev/ros2_ws/src/gazebo_ros2_control/gazebo_ros2_control_demos/install/gazebo_ros2_control_demos/share/gazebo_ros2_control_demos/local_setup.sh
[0.093s] -- Up-to-date symlink: /home/dev/ros2_ws/src/gazebo_ros2_control/gazebo_ros2_control_demos/install/gazebo_ros2_control_demos/share/gazebo_ros2_control_demos/local_setup.zsh
[0.093s] -- Up-to-date symlink: /home/dev/ros2_ws/src/gazebo_ros2_control/gazebo_ros2_control_demos/install/gazebo_ros2_control_demos/share/gazebo_ros2_control_demos/local_setup.dsv
[0.093s] -- Symlinking: /home/dev/ros2_ws/src/gazebo_ros2_control/gazebo_ros2_control_demos/install/gazebo_ros2_control_demos/share/gazebo_ros2_control_demos/package.dsv
[0.093s] -- Up-to-date symlink: /home/dev/ros2_ws/src/gazebo_ros2_control/gazebo_ros2_control_demos/install/gazebo_ros2_control_demos/share/ament_index/resource_index/packages/gazebo_ros2_control_demos
[0.093s] -- Up-to-date symlink: /home/dev/ros2_ws/src/gazebo_ros2_control/gazebo_ros2_control_demos/install/gazebo_ros2_control_demos/share/gazebo_ros2_control_demos/cmake/gazebo_ros2_control_demosConfig.cmake
[0.093s] -- Up-to-date symlink: /home/dev/ros2_ws/src/gazebo_ros2_control/gazebo_ros2_control_demos/install/gazebo_ros2_control_demos/share/gazebo_ros2_control_demos/cmake/gazebo_ros2_control_demosConfig-version.cmake
[0.093s] -- Up-to-date symlink: /home/dev/ros2_ws/src/gazebo_ros2_control/gazebo_ros2_control_demos/install/gazebo_ros2_control_demos/share/gazebo_ros2_control_demos/package.xml
[0.094s] Invoked command in '/home/dev/ros2_ws/src/gazebo_ros2_control/gazebo_ros2_control_demos/build/gazebo_ros2_control_demos' returned '0': CMAKE_PREFIX_PATH=${CMAKE_PREFIX_PATH}:/opt/ros/humble /usr/bin/cmake --install /home/dev/ros2_ws/src/gazebo_ros2_control/gazebo_ros2_control_demos/build/gazebo_ros2_control_demos
