[0.010s] Invoking command in '/home/dev/ros2_ws/src/gazebo_ros2_control/gazebo_ros2_control_demos/build/gazebo_ros2_control_demos': CMAKE_PREFIX_PATH=${CMAKE_PREFIX_PATH}:/opt/ros/humble /usr/bin/cmake --build /home/dev/ros2_ws/src/gazebo_ros2_control/gazebo_ros2_control_demos/build/gazebo_ros2_control_demos -- -j16 -l16
[0.030s] -- Found ament_cmake: 1.3.9 (/opt/ros/humble/share/ament_cmake/cmake)
[0.099s] -- Override CMake install command with custom implementation using symlinks instead of copying resources
[0.102s] -- Found control_msgs: 4.6.0 (/opt/ros/humble/share/control_msgs/cmake)
[0.116s] -- Found rosidl_generator_c: 3.1.5 (/opt/ros/humble/share/rosidl_generator_c/cmake)
[0.117s] -- Found rosidl_adapter: 3.1.5 (/opt/ros/humble/share/rosidl_adapter/cmake)
[0.120s] -- Found rosidl_generator_cpp: 3.1.5 (/opt/ros/humble/share/rosidl_generator_cpp/cmake)
[0.126s] -- Using all available rosidl_typesupport_c: rosidl_typesupport_fastrtps_c;rosidl_typesupport_introspection_c
[0.134s] -- Using all available rosidl_typesupport_cpp: rosidl_typesupport_fastrtps_cpp;rosidl_typesupport_introspection_cpp
[0.416s] -- Found rclcpp: 16.0.9 (/opt/ros/humble/share/rclcpp/cmake)
[0.441s] -- Found rmw_implementation_cmake: 6.1.2 (/opt/ros/humble/share/rmw_implementation_cmake/cmake)
[0.442s] -- Found rmw_fastrtps_cpp: 6.2.6 (/opt/ros/humble/share/rmw_fastrtps_cpp/cmake)
[0.513s] -- Using RMW implementation 'rmw_fastrtps_cpp' as default
[0.581s] -- Found rclcpp_action: 16.0.9 (/opt/ros/humble/share/rclcpp_action/cmake)
[0.597s] -- Found ament_cmake_gtest: 1.3.9 (/opt/ros/humble/share/ament_cmake_gtest/cmake)
[0.598s] -- Found ament_lint_auto: 0.12.11 (/opt/ros/humble/share/ament_lint_auto/cmake)
[0.650s] [31mCMake Error at /opt/ros/humble/share/ament_cmake_core/cmake/symlink_install/ament_cmake_symlink_install_targets.cmake:67 (message):
[0.651s]   ament_cmake_symlink_install_targets() 'example_velocity' is not a target
[0.651s] Call Stack (most recent call first):
[0.651s]   /opt/ros/humble/share/ament_cmake_core/cmake/symlink_install/install.cmake:37 (ament_cmake_symlink_install_targets)
[0.652s]   CMakeLists.txt:65 (install)
[0.652s] 
[0.652s] [0m
[0.652s] -- Configuring incomplete, errors occurred!
[0.653s] See also "/home/dev/ros2_ws/src/gazebo_ros2_control/gazebo_ros2_control_demos/build/gazebo_ros2_control_demos/CMakeFiles/CMakeOutput.log".
[0.653s] gmake: *** [Makefile:513: cmake_check_build_system] Error 1
[0.657s] Invoked command in '/home/dev/ros2_ws/src/gazebo_ros2_control/gazebo_ros2_control_demos/build/gazebo_ros2_control_demos' returned '2': CMAKE_PREFIX_PATH=${CMAKE_PREFIX_PATH}:/opt/ros/humble /usr/bin/cmake --build /home/dev/ros2_ws/src/gazebo_ros2_control/gazebo_ros2_control_demos/build/gazebo_ros2_control_demos -- -j16 -l16
